Madison Lytle >> Liam Mages
Liam Mages >> Cassandra
Cassandra >> Nicholas Sizemore
Nicholas Sizemore >> Spencer Drewry
Spencer Drewry >> Kent Rush
Kent Rush >> Pablo Casillas
Pablo Casillas  >> Bailey Garrett
Bailey Garrett >> Natalia
Natalia >> Luca
Luca >> Brigitte Petersen
Brigitte Petersen >> Aviv Maish
Aviv Maish >> Peter Van Ness
Peter Van Ness >> Ryan Hunter
Ryan Hunter >> Grace Garmire
Grace Garmire >> Yogi Sunkara
Yogi Sunkara >> Patrick Jackson
Patrick Jackson >> Danny Maas
Danny Maas >> Ryan Luke
Ryan Luke >> Josh Anderson
Josh Anderson >> Madison Lytle
